<?xml version="1.0" encoding="UTF-8"?>
<!-- Generated by org.testng.reporters.JUnitXMLReporter -->
<testsuite ignored="0" hostname="INLEN8520052145" failures="0" tests="4" name="Test" time="0.073" errors="0" timestamp="2023-08-24T10:12:52 IST">
  <testcase classname="com.testng.SecondTest" name="addtocart" time="0.01"/>
  <testcase classname="com.testng.SecondTest" name="checkout" time="0.001"/>
  <testcase classname="com.testng.SecondTest" name="log" time="0.002"/>
  <testcase classname="com.testng.SecondTest" name="search" time="0.001"/>
</testsuite> <!-- Test -->
